[     124ms] [INFO] %cDownload the React DevTools for a better development experience: https://react.dev/link/react-devtools font-weight:bold @ http://localhost:3000/_next/static/chunks/node_modules_next_dist_115brz8._.js:2431
[     162ms] [LOG] [HMR] connected @ http://localhost:3000/_next/static/chunks/node_modules_next_dist_115brz8._.js:2431
[45520154ms] [ERROR] WebSocket connection to 'ws://localhost:3000/_next/webpack-hmr?id=JsF4U747_lzg1NE5kdKwW' failed:  @ http://localhost:3000/_next/static/chunks/node_modules_next_dist_client_0fhqo1d._.js:13299
[45521160ms] [ERROR] WebSocket connection to 'ws://localhost:3000/_next/webpack-hmr?id=JsF4U747_lzg1NE5kdKwW' failed: Error in connection establishment: net::ERR_CONNECTION_REFUSED @ http://localhost:3000/_next/static/chunks/node_modules_next_dist_client_0fhqo1d._.js:13299
[45522164ms] [ERROR] WebSocket connection to 'ws://localhost:3000/_next/webpack-hmr?id=JsF4U747_lzg1NE5kdKwW' failed: Error in connection establishment: net::ERR_CONNECTION_REFUSED @ http://localhost:3000/_next/static/chunks/node_modules_next_dist_client_0fhqo1d._.js:13299
[45523167ms] [ERROR] WebSocket connection to 'ws://localhost:3000/_next/webpack-hmr?id=JsF4U747_lzg1NE5kdKwW' failed: Error in connection establishment: net::ERR_CONNECTION_REFUSED @ http://localhost:3000/_next/static/chunks/node_modules_next_dist_client_0fhqo1d._.js:13299
[45524170ms] [ERROR] WebSocket connection to 'ws://localhost:3000/_next/webpack-hmr?id=JsF4U747_lzg1NE5kdKwW' failed: Error in connection establishment: net::ERR_CONNECTION_REFUSED @ http://localhost:3000/_next/static/chunks/node_modules_next_dist_client_0fhqo1d._.js:13299
[45525675ms] [LOG] [HMR] connected @ http://localhost:3000/_next/static/chunks/node_modules_next_dist_115brz8._.js:2431
[47875673ms] [ERROR] WebSocket connection to 'ws://localhost:3000/_next/webpack-hmr?id=JsF4U747_lzg1NE5kdKwW' failed: Error in connection establishment: net::ERR_CONNECTION_REFUSED @ http://localhost:3000/_next/static/chunks/node_modules_next_dist_client_0fhqo1d._.js:13299
[47876675ms] [ERROR] WebSocket connection to 'ws://localhost:3000/_next/webpack-hmr?id=JsF4U747_lzg1NE5kdKwW' failed: Error in connection establishment: net::ERR_CONNECTION_REFUSED @ http://localhost:3000/_next/static/chunks/node_modules_next_dist_client_0fhqo1d._.js:13299
[47877679ms] [ERROR] WebSocket connection to 'ws://localhost:3000/_next/webpack-hmr?id=JsF4U747_lzg1NE5kdKwW' failed: Error in connection establishment: net::ERR_CONNECTION_REFUSED @ http://localhost:3000/_next/static/chunks/node_modules_next_dist_client_0fhqo1d._.js:13299
[47878682ms] [ERROR] WebSocket connection to 'ws://localhost:3000/_next/webpack-hmr?id=JsF4U747_lzg1NE5kdKwW' failed: Error in connection establishment: net::ERR_CONNECTION_REFUSED @ http://localhost:3000/_next/static/chunks/node_modules_next_dist_client_0fhqo1d._.js:13299
[47879687ms] [ERROR] WebSocket connection to 'ws://localhost:3000/_next/webpack-hmr?id=JsF4U747_lzg1NE5kdKwW' failed: Error in connection establishment: net::ERR_CONNECTION_REFUSED @ http://localhost:3000/_next/static/chunks/node_modules_next_dist_client_0fhqo1d._.js:13299
[47884693ms] [ERROR] WebSocket connection to 'ws://localhost:3000/_next/webpack-hmr?id=JsF4U747_lzg1NE5kdKwW' failed: Error in connection establishment: net::ERR_CONNECTION_REFUSED @ http://localhost:3000/_next/static/chunks/node_modules_next_dist_client_0fhqo1d._.js:13299
[47889699ms] [ERROR] WebSocket connection to 'ws://localhost:3000/_next/webpack-hmr?id=JsF4U747_lzg1NE5kdKwW' failed: Error in connection establishment: net::ERR_CONNECTION_REFUSED @ http://localhost:3000/_next/static/chunks/node_modules_next_dist_client_0fhqo1d._.js:13299
[47894719ms] [ERROR] WebSocket connection to 'ws://localhost:3000/_next/webpack-hmr?id=JsF4U747_lzg1NE5kdKwW' failed: Error in connection establishment: net::ERR_CONNECTION_REFUSED @ http://localhost:3000/_next/static/chunks/node_modules_next_dist_client_0fhqo1d._.js:13299
[47899731ms] [ERROR] WebSocket connection to 'ws://localhost:3000/_next/webpack-hmr?id=JsF4U747_lzg1NE5kdKwW' failed: Error in connection establishment: net::ERR_CONNECTION_REFUSED @ http://localhost:3000/_next/static/chunks/node_modules_next_dist_client_0fhqo1d._.js:13299
[47904816ms] [ERROR] WebSocket connection to 'ws://localhost:3000/_next/webpack-hmr?id=JsF4U747_lzg1NE5kdKwW' failed: Error in connection establishment: net::ERR_CONNECTION_REFUSED @ http://localhost:3000/_next/static/chunks/node_modules_next_dist_client_0fhqo1d._.js:13299
[47909894ms] [ERROR] WebSocket connection to 'ws://localhost:3000/_next/webpack-hmr?id=JsF4U747_lzg1NE5kdKwW' failed: Error in connection establishment: net::ERR_CONNECTION_REFUSED @ http://localhost:3000/_next/static/chunks/node_modules_next_dist_client_0fhqo1d._.js:13299
[47915190ms] [ERROR] WebSocket connection to 'ws://localhost:3000/_next/webpack-hmr?id=JsF4U747_lzg1NE5kdKwW' failed: Error in connection establishment: net::ERR_CONNECTION_REFUSED @ http://localhost:3000/_next/static/chunks/node_modules_next_dist_client_0fhqo1d._.js:13299
